#! /usr/bin/vvp
:ivl_version "11.0 (stable)";
:ivl_delay_selection "TYPICAL";
:vpi_time_precision + 0;
:vpi_module "/usr/lib/x86_64-linux-gnu/ivl/system.vpi";
:vpi_module "/usr/lib/x86_64-linux-gnu/ivl/vhdl_sys.vpi";
:vpi_module "/usr/lib/x86_64-linux-gnu/ivl/vhdl_textio.vpi";
:vpi_module "/usr/lib/x86_64-linux-gnu/ivl/v2005_math.vpi";
:vpi_module "/usr/lib/x86_64-linux-gnu/ivl/va_math.vpi";
S_0x5644ddd091b0 .scope module, "cpu" "cpu" 2 1;
 .timescale 0 0;
    .port_info 0 /INPUT 1 "clk";
    .port_info 1 /INPUT 1 "rst";
    .port_info 2 /INPUT 32 "mem_data";
    .port_info 3 /OUTPUT 32 "mem_addr";
    .port_info 4 /INOUT 32 "port_a";
    .port_info 5 /INOUT 32 "port_b";
    .port_info 6 /OUTPUT 8 "port_a_addr";
    .port_info 7 /OUTPUT 8 "port_b_addr";
v0x5644ddcfd890_0 .net "Bimmediate", 31 0, L_0x5644ddd50210;  1 drivers
v0x5644ddd39ec0_0 .net "Iimmediate", 31 0, L_0x5644ddd4eed0;  1 drivers
v0x5644ddd39fa0_0 .net "Jimmediate", 31 0, L_0x5644ddd513b0;  1 drivers
v0x5644ddd3a060_0 .net "Simmediate", 31 0, L_0x5644ddd4f690;  1 drivers
v0x5644ddd3a140_0 .net "Uimmediate", 31 0, L_0x5644ddd505e0;  1 drivers
L_0x7f800e9c9018 .functor BUFT 1, C4<0000000000000000000000000001>, C4<0>, C4<0>, C4<0>;
v0x5644ddd3a220_0 .net/2u *"_ivl_0", 27 0, L_0x7f800e9c9018;  1 drivers
v0x5644ddd3a300_0 .net *"_ivl_101", 4 0, L_0x5644ddd51a10;  1 drivers
v0x5644ddd3a3e0_0 .net *"_ivl_102", 31 0, L_0x5644ddd51ab0;  1 drivers
v0x5644ddd3a4c0_0 .net *"_ivl_104", 31 0, L_0x5644ddd51d40;  1 drivers
v0x5644ddd3a5a0_0 .net *"_ivl_107", 4 0, L_0x5644ddd51ed0;  1 drivers
v0x5644ddd3a680_0 .net *"_ivl_108", 31 0, L_0x5644ddd520d0;  1 drivers
v0x5644ddd3a760_0 .net *"_ivl_17", 4 0, L_0x5644ddd4e520;  1 drivers
v0x5644ddd3a840_0 .net *"_ivl_2", 27 0, L_0x5644ddd4e240;  1 drivers
L_0x7f800e9c91c8 .functor BUFT 1, C4<0>, C4<0>, C4<0>, C4<0>;
v0x5644ddd3a920_0 .net *"_ivl_21", 0 0, L_0x7f800e9c91c8;  1 drivers
v0x5644ddd3aa00_0 .net *"_ivl_23", 4 0, L_0x5644ddd4e7c0;  1 drivers
L_0x7f800e9c9210 .functor BUFT 1, C4<0>, C4<0>, C4<0>, C4<0>;
v0x5644ddd3aae0_0 .net *"_ivl_27", 0 0, L_0x7f800e9c9210;  1 drivers
v0x5644ddd3abc0_0 .net *"_ivl_29", 4 0, L_0x5644ddd4ea30;  1 drivers
L_0x7f800e9c9258 .functor BUFT 1, C4<0>, C4<0>, C4<0>, C4<0>;
v0x5644ddd3adb0_0 .net *"_ivl_33", 0 0, L_0x7f800e9c9258;  1 drivers
v0x5644ddd3ae90_0 .net *"_ivl_35", 0 0, L_0x5644ddd4ec60;  1 drivers
v0x5644ddd3af70_0 .net *"_ivl_36", 19 0, L_0x5644ddd4ed00;  1 drivers
v0x5644ddd3b050_0 .net *"_ivl_39", 11 0, L_0x5644ddd4ee30;  1 drivers
v0x5644ddd3b130_0 .net *"_ivl_43", 0 0, L_0x5644ddd4f010;  1 drivers
v0x5644ddd3b210_0 .net *"_ivl_44", 19 0, L_0x5644ddd4f0b0;  1 drivers
v0x5644ddd3b2f0_0 .net *"_ivl_47", 6 0, L_0x5644ddd4f490;  1 drivers
v0x5644ddd3b3d0_0 .net *"_ivl_49", 4 0, L_0x5644ddd4f530;  1 drivers
v0x5644ddd3b4b0_0 .net *"_ivl_53", 0 0, L_0x5644ddd4f830;  1 drivers
v0x5644ddd3b590_0 .net *"_ivl_54", 18 0, L_0x5644ddd4f970;  1 drivers
v0x5644ddd3b670_0 .net *"_ivl_57", 0 0, L_0x5644ddd4fe30;  1 drivers
v0x5644ddd3b750_0 .net *"_ivl_59", 0 0, L_0x5644ddd4f8d0;  1 drivers
v0x5644ddd3b830_0 .net *"_ivl_61", 5 0, L_0x5644ddd4ff80;  1 drivers
v0x5644ddd3b910_0 .net *"_ivl_63", 3 0, L_0x5644ddd50110;  1 drivers
L_0x7f800e9c92a0 .functor BUFT 1, C4<0>, C4<0>, C4<0>, C4<0>;
v0x5644ddd3b9f0_0 .net/2u *"_ivl_64", 0 0, L_0x7f800e9c92a0;  1 drivers
v0x5644ddd3bad0_0 .net *"_ivl_69", 19 0, L_0x5644ddd50540;  1 drivers
L_0x7f800e9c92e8 .functor BUFT 1, C4<000000000000>, C4<0>, C4<0>, C4<0>;
v0x5644ddd3bdc0_0 .net/2u *"_ivl_70", 11 0, L_0x7f800e9c92e8;  1 drivers
v0x5644ddd3bea0_0 .net *"_ivl_75", 0 0, L_0x5644ddd50800;  1 drivers
v0x5644ddd3bf80_0 .net *"_ivl_76", 11 0, L_0x5644ddd508a0;  1 drivers
v0x5644ddd3c060_0 .net *"_ivl_79", 0 0, L_0x5644ddd50a80;  1 drivers
v0x5644ddd3c140_0 .net *"_ivl_81", 7 0, L_0x5644ddd50d30;  1 drivers
v0x5644ddd3c220_0 .net *"_ivl_83", 0 0, L_0x5644ddd50ed0;  1 drivers
v0x5644ddd3c300_0 .net *"_ivl_85", 9 0, L_0x5644ddd50f70;  1 drivers
L_0x7f800e9c9330 .functor BUFT 1, C4<0>, C4<0>, C4<0>, C4<0>;
v0x5644ddd3c3e0_0 .net/2u *"_ivl_86", 0 0, L_0x7f800e9c9330;  1 drivers
v0x5644ddd3c4c0_0 .net *"_ivl_88", 32 0, L_0x5644ddd51150;  1 drivers
v0x5644ddd3c5a0_0 .net *"_ivl_93", 0 0, L_0x5644ddd515c0;  1 drivers
v0x5644ddd3c680_0 .net *"_ivl_95", 0 0, L_0x5644ddd51660;  1 drivers
v0x5644ddd3c760_0 .net *"_ivl_97", 4 0, L_0x5644ddd514a0;  1 drivers
v0x5644ddd3c840_0 .net *"_ivl_98", 31 0, L_0x5644ddd51830;  1 drivers
v0x5644ddd3c920_0 .net "advance_pc", 0 0, L_0x5644ddd4e350;  1 drivers
L_0x7f800e9c93c0 .functor BUFT 1, C4<111111>, C4<0>, C4<0>, C4<0>;
v0x5644ddd3c9e0_0 .net/s "bl2", 5 0, L_0x7f800e9c93c0;  1 drivers
L_0x7f800e9c9378 .functor BUFT 1, C4<000001>, C4<0>, C4<0>, C4<0>;
v0x5644ddd3cac0_0 .net/s "bla", 5 0, L_0x7f800e9c9378;  1 drivers
L_0x7f800e9c9060 .functor BUFT 1, C4<1>, C4<0>, C4<0>, C4<0>;
v0x5644ddd3cba0_0 .net "branch_addr", 0 0, L_0x7f800e9c9060;  1 drivers
o0x7f800ea12978 .functor BUFZ 1, C4<z>; HiZ drive
v0x5644ddd3cc60_0 .net "clk", 0 0, o0x7f800ea12978;  0 drivers
v0x5644ddd3cd20_0 .var "inst_code", 31 0;
v0x5644ddd3ce00_0 .var "mem_addr", 31 0;
o0x7f800ea12a08 .functor BUFZ 32, C4<zzzzzzzzzzzzzzzzzzzzzzzzzzzzzzzz>; HiZ drive
v0x5644ddd3cee0_0 .net "mem_data", 31 0, o0x7f800ea12a08;  0 drivers
v0x5644ddd3cfc0_0 .var "pc", 27 0;
o0x7f800ea12a68 .functor BUFZ 32, C4<zzzzzzzzzzzzzzzzzzzzzzzzzzzzzzzz>; HiZ drive
v0x5644ddd3d0a0_0 .net "port_a", 31 0, o0x7f800ea12a68;  0 drivers
v0x5644ddd3d180_0 .var "port_a_addr", 7 0;
o0x7f800ea12ac8 .functor BUFZ 32, C4<zzzzzzzzzzzzzzzzzzzzzzzzzzzzzzzz>; HiZ drive
v0x5644ddd3d260_0 .net "port_b", 31 0, o0x7f800ea12ac8;  0 drivers
v0x5644ddd3d340_0 .var "port_b_addr", 7 0;
v0x5644ddd3d420_0 .net "rd", 5 0, L_0x5644ddd4e620;  1 drivers
L_0x7f800e9c90f0 .functor BUFT 1, C4<1>, C4<0>, C4<0>, C4<0>;
v0x5644ddd3d500_0 .net "reg_a", 0 0, L_0x7f800e9c90f0;  1 drivers
L_0x7f800e9c9138 .functor BUFT 1, C4<0>, C4<0>, C4<0>, C4<0>;
v0x5644ddd3d5c0_0 .net "reg_b", 0 0, L_0x7f800e9c9138;  1 drivers
L_0x7f800e9c9180 .functor BUFT 1, C4<1>, C4<0>, C4<0>, C4<0>;
v0x5644ddd3d680_0 .net "reg_dest", 0 0, L_0x7f800e9c9180;  1 drivers
L_0x7f800e9c90a8 .functor BUFT 1, C4<1>, C4<0>, C4<0>, C4<0>;
v0x5644ddd3d740_0 .net "result", 0 0, L_0x7f800e9c90a8;  1 drivers
v0x5644ddd3d800_0 .net "rs1", 5 0, L_0x5644ddd4e8b0;  1 drivers
v0x5644ddd3dcf0_0 .net "rs2", 5 0, L_0x5644ddd4ead0;  1 drivers
o0x7f800ea12c78 .functor BUFZ 1, C4<z>; HiZ drive
v0x5644ddd3ddd0_0 .net "rst", 0 0, o0x7f800ea12c78;  0 drivers
v0x5644ddd3de90_0 .net "shifted_reg", 31 0, L_0x5644ddd521c0;  1 drivers
v0x5644ddd3df70_0 .var "state", 2 0;
v0x5644ddd3e050_0 .var "temp_1", 31 0;
E_0x5644ddd0f990 .event posedge, v0x5644ddd3cc60_0;
L_0x5644ddd4e240 .arith/sum 28, v0x5644ddd3cfc0_0, L_0x7f800e9c9018;
L_0x5644ddd4e350 .part L_0x5644ddd4e240, 0, 1;
L_0x5644ddd4e520 .part v0x5644ddd3cd20_0, 7, 5;
L_0x5644ddd4e620 .concat [ 5 1 0 0], L_0x5644ddd4e520, L_0x7f800e9c91c8;
L_0x5644ddd4e7c0 .part v0x5644ddd3cd20_0, 15, 5;
L_0x5644ddd4e8b0 .concat [ 5 1 0 0], L_0x5644ddd4e7c0, L_0x7f800e9c9210;
L_0x5644ddd4ea30 .part v0x5644ddd3cd20_0, 20, 5;
L_0x5644ddd4ead0 .concat [ 5 1 0 0], L_0x5644ddd4ea30, L_0x7f800e9c9258;
L_0x5644ddd4ec60 .part v0x5644ddd3cd20_0, 31, 1;
LS_0x5644ddd4ed00_0_0 .concat [ 1 1 1 1], L_0x5644ddd4ec60, L_0x5644ddd4ec60, L_0x5644ddd4ec60, L_0x5644ddd4ec60;
LS_0x5644ddd4ed00_0_4 .concat [ 1 1 1 1], L_0x5644ddd4ec60, L_0x5644ddd4ec60, L_0x5644ddd4ec60, L_0x5644ddd4ec60;
LS_0x5644ddd4ed00_0_8 .concat [ 1 1 1 1], L_0x5644ddd4ec60, L_0x5644ddd4ec60, L_0x5644ddd4ec60, L_0x5644ddd4ec60;
LS_0x5644ddd4ed00_0_12 .concat [ 1 1 1 1], L_0x5644ddd4ec60, L_0x5644ddd4ec60, L_0x5644ddd4ec60, L_0x5644ddd4ec60;
LS_0x5644ddd4ed00_0_16 .concat [ 1 1 1 1], L_0x5644ddd4ec60, L_0x5644ddd4ec60, L_0x5644ddd4ec60, L_0x5644ddd4ec60;
LS_0x5644ddd4ed00_1_0 .concat [ 4 4 4 4], LS_0x5644ddd4ed00_0_0, LS_0x5644ddd4ed00_0_4, LS_0x5644ddd4ed00_0_8, LS_0x5644ddd4ed00_0_12;
LS_0x5644ddd4ed00_1_4 .concat [ 4 0 0 0], LS_0x5644ddd4ed00_0_16;
L_0x5644ddd4ed00 .concat [ 16 4 0 0], LS_0x5644ddd4ed00_1_0, LS_0x5644ddd4ed00_1_4;
L_0x5644ddd4ee30 .part v0x5644ddd3cd20_0, 20, 12;
L_0x5644ddd4eed0 .concat [ 12 20 0 0], L_0x5644ddd4ee30, L_0x5644ddd4ed00;
L_0x5644ddd4f010 .part v0x5644ddd3cd20_0, 31, 1;
LS_0x5644ddd4f0b0_0_0 .concat [ 1 1 1 1], L_0x5644ddd4f010, L_0x5644ddd4f010, L_0x5644ddd4f010, L_0x5644ddd4f010;
LS_0x5644ddd4f0b0_0_4 .concat [ 1 1 1 1], L_0x5644ddd4f010, L_0x5644ddd4f010, L_0x5644ddd4f010, L_0x5644ddd4f010;
LS_0x5644ddd4f0b0_0_8 .concat [ 1 1 1 1], L_0x5644ddd4f010, L_0x5644ddd4f010, L_0x5644ddd4f010, L_0x5644ddd4f010;
LS_0x5644ddd4f0b0_0_12 .concat [ 1 1 1 1], L_0x5644ddd4f010, L_0x5644ddd4f010, L_0x5644ddd4f010, L_0x5644ddd4f010;
LS_0x5644ddd4f0b0_0_16 .concat [ 1 1 1 1], L_0x5644ddd4f010, L_0x5644ddd4f010, L_0x5644ddd4f010, L_0x5644ddd4f010;
LS_0x5644ddd4f0b0_1_0 .concat [ 4 4 4 4], LS_0x5644ddd4f0b0_0_0, LS_0x5644ddd4f0b0_0_4, LS_0x5644ddd4f0b0_0_8, LS_0x5644ddd4f0b0_0_12;
LS_0x5644ddd4f0b0_1_4 .concat [ 4 0 0 0], LS_0x5644ddd4f0b0_0_16;
L_0x5644ddd4f0b0 .concat [ 16 4 0 0], LS_0x5644ddd4f0b0_1_0, LS_0x5644ddd4f0b0_1_4;
L_0x5644ddd4f490 .part v0x5644ddd3cd20_0, 25, 7;
L_0x5644ddd4f530 .part v0x5644ddd3cd20_0, 7, 5;
L_0x5644ddd4f690 .concat [ 5 7 20 0], L_0x5644ddd4f530, L_0x5644ddd4f490, L_0x5644ddd4f0b0;
L_0x5644ddd4f830 .part v0x5644ddd3cd20_0, 31, 1;
LS_0x5644ddd4f970_0_0 .concat [ 1 1 1 1], L_0x5644ddd4f830, L_0x5644ddd4f830, L_0x5644ddd4f830, L_0x5644ddd4f830;
LS_0x5644ddd4f970_0_4 .concat [ 1 1 1 1], L_0x5644ddd4f830, L_0x5644ddd4f830, L_0x5644ddd4f830, L_0x5644ddd4f830;
LS_0x5644ddd4f970_0_8 .concat [ 1 1 1 1], L_0x5644ddd4f830, L_0x5644ddd4f830, L_0x5644ddd4f830, L_0x5644ddd4f830;
LS_0x5644ddd4f970_0_12 .concat [ 1 1 1 1], L_0x5644ddd4f830, L_0x5644ddd4f830, L_0x5644ddd4f830, L_0x5644ddd4f830;
LS_0x5644ddd4f970_0_16 .concat [ 1 1 1 0], L_0x5644ddd4f830, L_0x5644ddd4f830, L_0x5644ddd4f830;
LS_0x5644ddd4f970_1_0 .concat [ 4 4 4 4], LS_0x5644ddd4f970_0_0, LS_0x5644ddd4f970_0_4, LS_0x5644ddd4f970_0_8, LS_0x5644ddd4f970_0_12;
LS_0x5644ddd4f970_1_4 .concat [ 3 0 0 0], LS_0x5644ddd4f970_0_16;
L_0x5644ddd4f970 .concat [ 16 3 0 0], LS_0x5644ddd4f970_1_0, LS_0x5644ddd4f970_1_4;
L_0x5644ddd4fe30 .part v0x5644ddd3cd20_0, 31, 1;
L_0x5644ddd4f8d0 .part v0x5644ddd3cd20_0, 7, 1;
L_0x5644ddd4ff80 .part v0x5644ddd3cd20_0, 25, 6;
L_0x5644ddd50110 .part v0x5644ddd3cd20_0, 8, 4;
LS_0x5644ddd50210_0_0 .concat [ 1 4 6 1], L_0x7f800e9c92a0, L_0x5644ddd50110, L_0x5644ddd4ff80, L_0x5644ddd4f8d0;
LS_0x5644ddd50210_0_4 .concat [ 1 19 0 0], L_0x5644ddd4fe30, L_0x5644ddd4f970;
L_0x5644ddd50210 .concat [ 12 20 0 0], LS_0x5644ddd50210_0_0, LS_0x5644ddd50210_0_4;
L_0x5644ddd50540 .part v0x5644ddd3cd20_0, 12, 20;
L_0x5644ddd505e0 .concat [ 12 20 0 0], L_0x7f800e9c92e8, L_0x5644ddd50540;
L_0x5644ddd50800 .part v0x5644ddd3cd20_0, 31, 1;
LS_0x5644ddd508a0_0_0 .concat [ 1 1 1 1], L_0x5644ddd50800, L_0x5644ddd50800, L_0x5644ddd50800, L_0x5644ddd50800;
LS_0x5644ddd508a0_0_4 .concat [ 1 1 1 1], L_0x5644ddd50800, L_0x5644ddd50800, L_0x5644ddd50800, L_0x5644ddd50800;
LS_0x5644ddd508a0_0_8 .concat [ 1 1 1 1], L_0x5644ddd50800, L_0x5644ddd50800, L_0x5644ddd50800, L_0x5644ddd50800;
L_0x5644ddd508a0 .concat [ 4 4 4 0], LS_0x5644ddd508a0_0_0, LS_0x5644ddd508a0_0_4, LS_0x5644ddd508a0_0_8;
L_0x5644ddd50a80 .part v0x5644ddd3cd20_0, 31, 1;
L_0x5644ddd50d30 .part v0x5644ddd3cd20_0, 12, 8;
L_0x5644ddd50ed0 .part v0x5644ddd3cd20_0, 20, 1;
L_0x5644ddd50f70 .part v0x5644ddd3cd20_0, 21, 10;
LS_0x5644ddd51150_0_0 .concat [ 1 10 1 8], L_0x7f800e9c9330, L_0x5644ddd50f70, L_0x5644ddd50ed0, L_0x5644ddd50d30;
LS_0x5644ddd51150_0_4 .concat [ 1 12 0 0], L_0x5644ddd50a80, L_0x5644ddd508a0;
L_0x5644ddd51150 .concat [ 20 13 0 0], LS_0x5644ddd51150_0_0, LS_0x5644ddd51150_0_4;
L_0x5644ddd513b0 .part L_0x5644ddd51150, 0, 32;
L_0x5644ddd515c0 .part v0x5644ddd3cd20_0, 14, 1;
L_0x5644ddd51660 .part v0x5644ddd3cd20_0, 30, 1;
L_0x5644ddd514a0 .part v0x5644ddd3cd20_0, 20, 5;
L_0x5644ddd51830 .shift/r 32, v0x5644ddd3e050_0, L_0x5644ddd514a0;
L_0x5644ddd51a10 .part v0x5644ddd3cd20_0, 20, 5;
L_0x5644ddd51ab0 .shift/r 32, v0x5644ddd3e050_0, L_0x5644ddd51a10;
L_0x5644ddd51d40 .functor MUXZ 32, L_0x5644ddd51ab0, L_0x5644ddd51830, L_0x5644ddd51660, C4<>;
L_0x5644ddd51ed0 .part v0x5644ddd3cd20_0, 20, 5;
L_0x5644ddd520d0 .shift/l 32, v0x5644ddd3e050_0, L_0x5644ddd51ed0;
L_0x5644ddd521c0 .functor MUXZ 32, L_0x5644ddd520d0, L_0x5644ddd51d40, L_0x5644ddd515c0, C4<>;
    .scope S_0x5644ddd091b0;
T_0 ;
    %vpi_call 2 53 "$display", "oi" {0 0 0};
    %vpi_call 2 54 "$display", "bla > bla2 ? %d", 32'sb00000000000000000000000000000001 {0 0 0};
    %end;
    .thread T_0;
    .scope S_0x5644ddd091b0;
T_1 ;
    %wait E_0x5644ddd0f990;
    %load/vec4 v0x5644ddd3ddd0_0;
    %flag_set/vec4 8;
    %jmp/0xz  T_1.0, 8;
    %pushi/vec4 0, 0, 3;
    %assign/vec4 v0x5644ddd3df70_0, 0;
    %pushi/vec4 0, 0, 28;
    %assign/vec4 v0x5644ddd3cfc0_0, 0;
    %jmp T_1.1;
T_1.0 ;
    %load/vec4 v0x5644ddd3df70_0;
    %dup/vec4;
    %pushi/vec4 0, 0, 3;
    %cmp/u;
    %jmp/1 T_1.2, 6;
    %dup/vec4;
    %pushi/vec4 1, 0, 3;
    %cmp/u;
    %jmp/1 T_1.3, 6;
    %dup/vec4;
    %pushi/vec4 2, 0, 3;
    %cmp/u;
    %jmp/1 T_1.4, 6;
    %jmp T_1.5;
T_1.2 ;
    %load/vec4 v0x5644ddd3cee0_0;
    %assign/vec4 v0x5644ddd3cd20_0, 0;
    %jmp T_1.5;
T_1.3 ;
    %load/vec4 v0x5644ddd3d500_0;
    %pad/u 8;
    %assign/vec4 v0x5644ddd3d180_0, 0;
    %load/vec4 v0x5644ddd3d5c0_0;
    %pad/u 8;
    %assign/vec4 v0x5644ddd3d340_0, 0;
    %jmp T_1.5;
T_1.4 ;
    %jmp T_1.5;
T_1.5 ;
    %pop/vec4 1;
T_1.1 ;
    %jmp T_1;
    .thread T_1;
# The file index is used to find the file name in the following table.
:file_names 3;
    "N/A";
    "<interactive>";
    "adequaterisc.v";
